time=2025-06-22T19:47:41.141+05:30 level=INFO source=/home/piush/Prog/learn/go-bookstore/cmd/server.go:27 msg="Initializing the Server"
time=2025-06-22T19:47:41.141+05:30 level=INFO source=/home/piush/Prog/learn/go-bookstore/cmd/server.go:81 msg="Setting up Middlewares"
{"time":"2025-06-22T19:48:30.026334708+05:30","level":"INFO","source":{"function":"main.NewServer","file":"/home/piush/Prog/learn/go-bookstore/cmd/server.go","line":27},"msg":"Initializing the Server"}
{"time":"2025-06-22T19:48:30.026414077+05:30","level":"INFO","source":{"function":"main.(*Server).SetupMiddlewares","file":"/home/piush/Prog/learn/go-bookstore/cmd/server.go","line":81},"msg":"Setting up Middlewares"}
{"time":"2025-06-22T19:54:06.832304887+05:30","level":"INFO","source":{"function":"github.com/dtg-lucifer/go-bookstore/pkg/utils.(*LoggerInstance).Info","file":"/home/piush/Prog/learn/go-bookstore/pkg/utils/logger.go","line":15},"msg":"Initializing the Server"}
{"time":"2025-06-22T19:54:06.832381902+05:30","level":"INFO","source":{"function":"github.com/dtg-lucifer/go-bookstore/pkg/utils.(*LoggerInstance).Info","file":"/home/piush/Prog/learn/go-bookstore/pkg/utils/logger.go","line":16},"msg":"Initializing the Server"}
{"time":"2025-06-22T19:54:06.832395798+05:30","level":"INFO","source":{"function":"github.com/dtg-lucifer/go-bookstore/pkg/utils.(*LoggerInstance).Info","file":"/home/piush/Prog/learn/go-bookstore/pkg/utils/logger.go","line":15},"msg":"Setting up Middlewares"}
{"time":"2025-06-22T19:54:06.832401599+05:30","level":"INFO","source":{"function":"github.com/dtg-lucifer/go-bookstore/pkg/utils.(*LoggerInstance).Info","file":"/home/piush/Prog/learn/go-bookstore/pkg/utils/logger.go","line":16},"msg":"Setting up Middlewares"}
{"time":"2025-06-22T19:59:28.805110891+05:30","level":"INFO","source":{"function":"github.com/dtg-lucifer/go-bookstore/pkg/utils.(*loggerIn).Info","file":"/home/piush/Prog/learn/go-bookstore/pkg/utils/logger.go","line":90},"msg":"Initializing the Server"}
{"time":"2025-06-22T19:59:28.805188186+05:30","level":"INFO","source":{"function":"github.com/dtg-lucifer/go-bookstore/pkg/utils.(*loggerIn).Info","file":"/home/piush/Prog/learn/go-bookstore/pkg/utils/logger.go","line":90},"msg":"Setting up Middlewares"}
{"time":"2025-06-22T20:01:37.950420876+05:30","level":"INFO","source":{"function":"github.com/dtg-lucifer/go-bookstore/pkg/utils.(*loggerIn).Info","file":"/home/piush/Prog/learn/go-bookstore/pkg/utils/logger.go","line":94},"msg":"Initializing the Server"}
{"time":"2025-06-22T20:01:37.950516996+05:30","level":"INFO","source":{"function":"github.com/dtg-lucifer/go-bookstore/pkg/utils.(*loggerIn).Info","file":"/home/piush/Prog/learn/go-bookstore/pkg/utils/logger.go","line":94},"msg":"Connecting to the Database"}
{"time":"2025-06-22T20:01:40.310282132+05:30","level":"INFO","source":{"function":"github.com/dtg-lucifer/go-bookstore/pkg/utils.(*loggerIn).Info","file":"/home/piush/Prog/learn/go-bookstore/pkg/utils/logger.go","line":94},"msg":"Initializing the Server"}
{"time":"2025-06-22T20:01:40.310369877+05:30","level":"INFO","source":{"function":"github.com/dtg-lucifer/go-bookstore/pkg/utils.(*loggerIn).Info","file":"/home/piush/Prog/learn/go-bookstore/pkg/utils/logger.go","line":94},"msg":"Connecting to the Database"}
{"time":"2025-06-22T20:01:52.254071507+05:30","level":"INFO","source":{"function":"github.com/dtg-lucifer/go-bookstore/pkg/utils.(*loggerIn).Info","file":"/home/piush/Prog/learn/go-bookstore/pkg/utils/logger.go","line":94},"msg":"Initializing the Server"}
{"time":"2025-06-22T20:01:52.254162177+05:30","level":"INFO","source":{"function":"github.com/dtg-lucifer/go-bookstore/pkg/utils.(*loggerIn).Info","file":"/home/piush/Prog/learn/go-bookstore/pkg/utils/logger.go","line":94},"msg":"Connecting to the Database"}
{"time":"2025-06-22T20:01:52.258352033+05:30","level":"INFO","source":{"function":"github.com/dtg-lucifer/go-bookstore/pkg/utils.(*loggerIn).Info","file":"/home/piush/Prog/learn/go-bookstore/pkg/utils/logger.go","line":94},"msg":"Migrating the Database"}
{"time":"2025-06-22T20:01:52.259422926+05:30","level":"INFO","source":{"function":"github.com/dtg-lucifer/go-bookstore/pkg/utils.(*loggerIn).Info","file":"/home/piush/Prog/learn/go-bookstore/pkg/utils/logger.go","line":94},"msg":"Setting up Middlewares"}
{"time":"2025-06-22T20:03:27.756323633+05:30","level":"INFO","source":{"function":"github.com/dtg-lucifer/go-bookstore/pkg/utils.(*loggerIn).Info","file":"/home/piush/Prog/learn/go-bookstore/pkg/utils/logger.go","line":94},"msg":"Initializing the Server"}
{"time":"2025-06-22T20:03:27.756444039+05:30","level":"INFO","source":{"function":"github.com/dtg-lucifer/go-bookstore/pkg/utils.(*loggerIn).Info","file":"/home/piush/Prog/learn/go-bookstore/pkg/utils/logger.go","line":94},"msg":"Connecting to the Database"}
{"time":"2025-06-22T20:03:27.757612625+05:30","level":"INFO","source":{"function":"github.com/dtg-lucifer/go-bookstore/pkg/utils.(*loggerIn).Info","file":"/home/piush/Prog/learn/go-bookstore/pkg/utils/logger.go","line":94},"msg":"Migrating the Database"}
{"time":"2025-06-22T20:03:27.758734303+05:30","level":"INFO","source":{"function":"github.com/dtg-lucifer/go-bookstore/pkg/utils.(*loggerIn).Info","file":"/home/piush/Prog/learn/go-bookstore/pkg/utils/logger.go","line":94},"msg":"Setting up Middlewares"}
{"time":"2025-06-22T20:04:03.601271137+05:30","level":"INFO","source":{"function":"github.com/dtg-lucifer/go-bookstore/pkg/utils.(*loggerIn).Info","file":"/home/piush/Prog/learn/go-bookstore/pkg/utils/logger.go","line":94},"msg":"Initializing the Server"}
{"time":"2025-06-22T20:04:03.601380593+05:30","level":"INFO","source":{"function":"github.com/dtg-lucifer/go-bookstore/pkg/utils.(*loggerIn).Info","file":"/home/piush/Prog/learn/go-bookstore/pkg/utils/logger.go","line":94},"msg":"Connecting to the Database"}
{"time":"2025-06-22T20:04:03.602344054+05:30","level":"INFO","source":{"function":"github.com/dtg-lucifer/go-bookstore/pkg/utils.(*loggerIn).Info","file":"/home/piush/Prog/learn/go-bookstore/pkg/utils/logger.go","line":94},"msg":"Migrating the Database"}
{"time":"2025-06-22T20:04:03.603539581+05:30","level":"INFO","source":{"function":"github.com/dtg-lucifer/go-bookstore/pkg/utils.(*loggerIn).Info","file":"/home/piush/Prog/learn/go-bookstore/pkg/utils/logger.go","line":94},"msg":"Setting up Middlewares"}
{"time":"2025-06-22T20:05:36.363566865+05:30","level":"INFO","source":{"function":"github.com/dtg-lucifer/go-bookstore/pkg/utils.(*loggerIn).Info","file":"/home/piush/Prog/learn/go-bookstore/pkg/utils/logger.go","line":94},"msg":"Initializing the Server"}
{"time":"2025-06-22T20:05:36.363661613+05:30","level":"INFO","source":{"function":"github.com/dtg-lucifer/go-bookstore/pkg/utils.(*loggerIn).Info","file":"/home/piush/Prog/learn/go-bookstore/pkg/utils/logger.go","line":94},"msg":"Connecting to the Database"}
{"time":"2025-06-22T20:05:36.367829877+05:30","level":"INFO","source":{"function":"github.com/dtg-lucifer/go-bookstore/pkg/utils.(*loggerIn).Info","file":"/home/piush/Prog/learn/go-bookstore/pkg/utils/logger.go","line":94},"msg":"Migrating the Database"}
{"time":"2025-06-22T20:05:36.369254895+05:30","level":"INFO","source":{"function":"github.com/dtg-lucifer/go-bookstore/pkg/utils.(*loggerIn).Info","file":"/home/piush/Prog/learn/go-bookstore/pkg/utils/logger.go","line":94},"msg":"Setting up Middlewares"}
{"time":"2025-06-22T20:08:10.915298803+05:30","level":"INFO","source":{"function":"github.com/dtg-lucifer/go-bookstore/pkg/utils.(*loggerIn).Info","file":"/home/piush/Prog/learn/go-bookstore/pkg/utils/logger.go","line":94},"msg":"Initializing the Server"}
{"time":"2025-06-22T20:08:10.915391667+05:30","level":"INFO","source":{"function":"github.com/dtg-lucifer/go-bookstore/pkg/utils.(*loggerIn).Info","file":"/home/piush/Prog/learn/go-bookstore/pkg/utils/logger.go","line":94},"msg":"Connecting to the Database"}
{"time":"2025-06-22T20:08:10.920178122+05:30","level":"INFO","source":{"function":"github.com/dtg-lucifer/go-bookstore/pkg/utils.(*loggerIn).Info","file":"/home/piush/Prog/learn/go-bookstore/pkg/utils/logger.go","line":94},"msg":"Migrating the Database"}
{"time":"2025-06-22T20:08:11.028824626+05:30","level":"INFO","source":{"function":"github.com/dtg-lucifer/go-bookstore/pkg/utils.(*loggerIn).Info","file":"/home/piush/Prog/learn/go-bookstore/pkg/utils/logger.go","line":94},"msg":"Setting up Middlewares"}
{"time":"2025-06-22T20:09:45.121339968+05:30","level":"INFO","source":{"function":"github.com/dtg-lucifer/go-bookstore/pkg/utils.(*loggerIn).Info","file":"/home/piush/Prog/learn/go-bookstore/pkg/utils/logger.go","line":94},"msg":"Initializing the Server"}
{"time":"2025-06-22T20:09:45.121457028+05:30","level":"INFO","source":{"function":"github.com/dtg-lucifer/go-bookstore/pkg/utils.(*loggerIn).Info","file":"/home/piush/Prog/learn/go-bookstore/pkg/utils/logger.go","line":94},"msg":"Connecting to the Database"}
{"time":"2025-06-22T20:09:45.122500519+05:30","level":"INFO","source":{"function":"github.com/dtg-lucifer/go-bookstore/pkg/utils.(*loggerIn).Info","file":"/home/piush/Prog/learn/go-bookstore/pkg/utils/logger.go","line":94},"msg":"Migrating the Database"}
{"time":"2025-06-22T20:09:45.250905393+05:30","level":"INFO","source":{"function":"github.com/dtg-lucifer/go-bookstore/pkg/utils.(*loggerIn).Info","file":"/home/piush/Prog/learn/go-bookstore/pkg/utils/logger.go","line":94},"msg":"Setting up Middlewares"}
{"time":"2025-06-22T21:43:14.891315717+05:30","level":"INFO","source":{"function":"github.com/dtg-lucifer/go-bookstore/pkg/utils.(*loggerIn).Info","file":"/home/piush/Prog/learn/go-bookstore/pkg/utils/logger.go","line":94},"msg":"Initializing the Server"}
{"time":"2025-06-22T21:43:14.891405515+05:30","level":"INFO","source":{"function":"github.com/dtg-lucifer/go-bookstore/pkg/utils.(*loggerIn).Info","file":"/home/piush/Prog/learn/go-bookstore/pkg/utils/logger.go","line":94},"msg":"Connecting to the Database"}
{"time":"2025-06-22T21:43:14.895614585+05:30","level":"INFO","source":{"function":"github.com/dtg-lucifer/go-bookstore/pkg/utils.(*loggerIn).Info","file":"/home/piush/Prog/learn/go-bookstore/pkg/utils/logger.go","line":94},"msg":"Migrating the Database"}
{"time":"2025-06-22T21:43:14.91424298+05:30","level":"INFO","source":{"function":"github.com/dtg-lucifer/go-bookstore/pkg/utils.(*loggerIn).Info","file":"/home/piush/Prog/learn/go-bookstore/pkg/utils/logger.go","line":94},"msg":"Setting up Middlewares"}
{"time":"2025-06-22T21:47:32.328589772+05:30","level":"INFO","source":{"function":"github.com/dtg-lucifer/go-bookstore/pkg/utils.(*loggerIn).Info","file":"/home/piush/Prog/learn/go-bookstore/pkg/utils/logger.go","line":94},"msg":"Initializing the Server"}
{"time":"2025-06-22T21:47:32.328692725+05:30","level":"INFO","source":{"function":"github.com/dtg-lucifer/go-bookstore/pkg/utils.(*loggerIn).Info","file":"/home/piush/Prog/learn/go-bookstore/pkg/utils/logger.go","line":94},"msg":"Connecting to the Database"}
{"time":"2025-06-22T21:47:32.329999082+05:30","level":"INFO","source":{"function":"github.com/dtg-lucifer/go-bookstore/pkg/utils.(*loggerIn).Info","file":"/home/piush/Prog/learn/go-bookstore/pkg/utils/logger.go","line":94},"msg":"Migrating the Database"}
{"time":"2025-06-22T21:47:32.33990607+05:30","level":"INFO","source":{"function":"github.com/dtg-lucifer/go-bookstore/pkg/utils.(*loggerIn).Info","file":"/home/piush/Prog/learn/go-bookstore/pkg/utils/logger.go","line":94},"msg":"Setting up Middlewares"}
{"time":"2025-06-22T21:50:24.983830771+05:30","level":"INFO","source":{"function":"github.com/dtg-lucifer/go-bookstore/pkg/utils.(*loggerIn).Info","file":"/home/piush/Prog/learn/go-bookstore/pkg/utils/logger.go","line":94},"msg":"Initializing the Server"}
{"time":"2025-06-22T21:50:24.983930137+05:30","level":"INFO","source":{"function":"github.com/dtg-lucifer/go-bookstore/pkg/utils.(*loggerIn).Info","file":"/home/piush/Prog/learn/go-bookstore/pkg/utils/logger.go","line":94},"msg":"Connecting to the Database"}
{"time":"2025-06-22T21:50:24.985079581+05:30","level":"INFO","source":{"function":"github.com/dtg-lucifer/go-bookstore/pkg/utils.(*loggerIn).Info","file":"/home/piush/Prog/learn/go-bookstore/pkg/utils/logger.go","line":94},"msg":"Migrating the Database"}
{"time":"2025-06-22T21:50:24.995070442+05:30","level":"INFO","source":{"function":"github.com/dtg-lucifer/go-bookstore/pkg/utils.(*loggerIn).Info","file":"/home/piush/Prog/learn/go-bookstore/pkg/utils/logger.go","line":94},"msg":"Setting up Middlewares"}
{"time":"2025-06-22T22:21:17.265709925+05:30","level":"INFO","source":{"function":"github.com/dtg-lucifer/go-bookstore/pkg/utils.(*loggerIn).Info","file":"/home/piush/Prog/learn/go-bookstore/pkg/utils/logger.go","line":94},"msg":"Initializing the Server"}
{"time":"2025-06-22T22:21:17.265826795+05:30","level":"INFO","source":{"function":"github.com/dtg-lucifer/go-bookstore/pkg/utils.(*loggerIn).Info","file":"/home/piush/Prog/learn/go-bookstore/pkg/utils/logger.go","line":94},"msg":"Connecting to the Database"}
{"time":"2025-06-22T22:21:17.266966367+05:30","level":"INFO","source":{"function":"github.com/dtg-lucifer/go-bookstore/pkg/utils.(*loggerIn).Info","file":"/home/piush/Prog/learn/go-bookstore/pkg/utils/logger.go","line":94},"msg":"Migrating the Database"}
{"time":"2025-06-22T22:21:17.277873+05:30","level":"INFO","source":{"function":"github.com/dtg-lucifer/go-bookstore/pkg/utils.(*loggerIn).Info","file":"/home/piush/Prog/learn/go-bookstore/pkg/utils/logger.go","line":94},"msg":"Setting up Middlewares"}
{"time":"2025-06-22T22:48:36.154387468+05:30","level":"INFO","source":{"function":"github.com/dtg-lucifer/go-bookstore/pkg/utils.(*loggerIn).Info","file":"/home/piush/Prog/learn/go-bookstore/pkg/utils/logger.go","line":94},"msg":"Initializing the Server"}
{"time":"2025-06-22T22:48:36.154470705+05:30","level":"INFO","source":{"function":"github.com/dtg-lucifer/go-bookstore/pkg/utils.(*loggerIn).Info","file":"/home/piush/Prog/learn/go-bookstore/pkg/utils/logger.go","line":94},"msg":"Connecting to the Database"}
{"time":"2025-06-22T22:48:36.155622039+05:30","level":"INFO","source":{"function":"github.com/dtg-lucifer/go-bookstore/pkg/utils.(*loggerIn).Info","file":"/home/piush/Prog/learn/go-bookstore/pkg/utils/logger.go","line":94},"msg":"Migrating the Database"}
{"time":"2025-06-22T22:48:36.168315524+05:30","level":"INFO","source":{"function":"github.com/dtg-lucifer/go-bookstore/pkg/utils.(*loggerIn).Info","file":"/home/piush/Prog/learn/go-bookstore/pkg/utils/logger.go","line":94},"msg":"Setting up Middlewares"}
{"time":"2025-06-22T22:57:04.026578114+05:30","level":"INFO","source":{"function":"github.com/dtg-lucifer/go-bookstore/pkg/utils.(*loggerIn).Info","file":"/home/piush/Prog/learn/go-bookstore/pkg/utils/logger.go","line":94},"msg":"Initializing the Server"}
{"time":"2025-06-22T22:57:04.02668232+05:30","level":"INFO","source":{"function":"github.com/dtg-lucifer/go-bookstore/pkg/utils.(*loggerIn).Info","file":"/home/piush/Prog/learn/go-bookstore/pkg/utils/logger.go","line":94},"msg":"Connecting to the Database"}
{"time":"2025-06-22T22:57:04.027723296+05:30","level":"INFO","source":{"function":"github.com/dtg-lucifer/go-bookstore/pkg/utils.(*loggerIn).Info","file":"/home/piush/Prog/learn/go-bookstore/pkg/utils/logger.go","line":94},"msg":"Migrating the Database"}
{"time":"2025-06-22T22:57:04.038348554+05:30","level":"INFO","source":{"function":"github.com/dtg-lucifer/go-bookstore/pkg/utils.(*loggerIn).Info","file":"/home/piush/Prog/learn/go-bookstore/pkg/utils/logger.go","line":94},"msg":"Setting up Middlewares"}
{"time":"2025-06-22T23:00:20.042080199+05:30","level":"INFO","source":{"function":"github.com/dtg-lucifer/go-bookstore/pkg/utils.(*loggerIn).Info","file":"/home/piush/Prog/learn/go-bookstore/pkg/utils/logger.go","line":94},"msg":"Initializing the Server"}
{"time":"2025-06-22T23:00:20.042170278+05:30","level":"INFO","source":{"function":"github.com/dtg-lucifer/go-bookstore/pkg/utils.(*loggerIn).Info","file":"/home/piush/Prog/learn/go-bookstore/pkg/utils/logger.go","line":94},"msg":"Connecting to the Database"}
{"time":"2025-06-22T23:00:20.043277839+05:30","level":"INFO","source":{"function":"github.com/dtg-lucifer/go-bookstore/pkg/utils.(*loggerIn).Info","file":"/home/piush/Prog/learn/go-bookstore/pkg/utils/logger.go","line":94},"msg":"Migrating the Database"}
{"time":"2025-06-22T23:00:20.053455364+05:30","level":"INFO","source":{"function":"github.com/dtg-lucifer/go-bookstore/pkg/utils.(*loggerIn).Info","file":"/home/piush/Prog/learn/go-bookstore/pkg/utils/logger.go","line":94},"msg":"Setting up Middlewares"}
